Arguments: 
  C:\Program Files\nodejs\node.exe C:\Users\Thomas\AppData\Roaming\npm\node_modules\yarn\bin\yarn.js add -D chai

PATH: 
  C:\Program Files\Common Files\Oracle\Java\javapath;C:\Program Files (x86)\Common Files\Oracle\Java\javapath;C:\Windows\system32;C:\Windows;C:\Windows\System32\Wbem;C:\Windows\System32\WindowsPowerShell\v1.0\;C:\Windows\System32\OpenSSH\;C:\Users\Thomas\AppData\Roaming\npm;C:\Program Files\Amazon\AWSCLIV2\;C:\Users\Thomas\AppData\Roaming\nvm;C:\Program Files\Docker\Docker\resources\bin;C:\ProgramData\DockerDesktop\version-bin;C:\ProgramData\chocolatey\bin;C:\Program Files (x86)\Google\Cloud SDK\google-cloud-sdk\bin;C:\jq;C:\Program Files\nodejs\;C:\Program Files\dotnet\;C:\Program Files\Git\cmd;C:\Users\Thomas\AppData\Local\Programs\Python\Python310\Scripts\;C:\Users\Thomas\AppData\Local\Programs\Python\Python310\;C:\Users\Thomas\.cargo\bin;C:\Program Files\Common Files\Oracle\Java\javapath;C:\Program Files (x86)\Common Files\Oracle\Java\javapath;C:\Windows\system32;C:\Windows;C:\Windows\System32\Wbem;C:\Windows\System32\WindowsPowerShell\v1.0\;C:\Windows\System32\OpenSSH\;C:\Users\Thomas\AppData\Roaming\npm;C:\Program Files\Amazon\AWSCLIV2\;C:\Users\Thomas\AppData\Roaming\nvm;C:\Program Files\Docker\Docker\resources\bin;C:\ProgramData\DockerDesktop\version-bin;C:\ProgramData\chocolatey\bin;C:\Program Files (x86)\Google\Cloud SDK\google-cloud-sdk\bin;C:\jq;C:\Program Files\nodejs\;C:\Program Files\dotnet\;C:\Program Files\Git\cmd;C:\Users\Thomas\.aptoscli\bin;C:\Users\Thomas\AppData\Local\Programs\Microsoft VS Code\bin;C:\Users\Thomas\.dotnet\tools

Yarn version: 
  1.22.19

Node version: 
  16.16.0

Platform: 
  win32 x64

Trace: 
  Error: EPERM: operation not permitted, unlink 'C:\Users\Thomas\Desktop\it\blockchain\alchemy-university\escrow-hardhat\node_modules\keccak\prebuilds\win32-x64\node.napi.node'

npm manifest: 
  {
    "name": "escrow-hardhat",
    "version": "1.0.0",
    "description": "",
    "main": "index.js",
    "scripts": {
      "test": "echo \"Error: no test specified\" && exit 1"
    },
    "keywords": [],
    "author": "",
    "license": "ISC",
    "devDependencies": {
      "@nomicfoundation/hardhat-chai-matchers": "^1.0.5",
      "@nomicfoundation/hardhat-network-helpers": "^1.0.7",
      "@nomicfoundation/hardhat-toolbox": "^2.0.0",
      "hardhat": "^2.12.4"
    },
    "browserslist": [
      "> 5%"
    ],
    "dependencies": {
      "ethers": "^5.7.2",
      "react": "^18.2.0"
    }
  }

yarn manifest: 
  No manifest

Lockfile: 
  No lockfile
